05/03/2018 06:20;INFO;BETA: 0.41, CORR: 0.87
05/03/2018 06:20;INFO;BETA: 0.43, CORR: 0.89
05/03/2018 06:20;INFO;BETA: 0.41, CORR: 0.80
05/03/2018 06:20;INFO;BETA: 0.84, CORR: 0.76
05/03/2018 06:20;INFO;BETA: 0.33, CORR: 0.71
05/03/2018 06:20;INFO;BETA: 0.21, CORR: 0.74
05/03/2018 06:20;INFO;BETA: 1.11, CORR: 0.94
05/03/2018 06:20;INFO;BETA: 0.36, CORR: 0.78
05/03/2018 06:20;INFO;BETA: 0.92, CORR: 0.95
05/03/2018 06:20;INFO;BETA: 0.81, CORR: 0.93
05/03/2018 06:20;INFO;BETA: 0.93, CORR: 0.92
05/03/2018 06:20;INFO;BETA: 0.79, CORR: 0.92
05/03/2018 06:20;INFO;BETA: 0.21, CORR: 0.86
05/03/2018 06:20;INFO;BETA: 1.15, CORR: 0.97
05/03/2018 06:20;INFO;BETA: 0.50, CORR: 0.90
05/03/2018 06:20;INFO;BETA: 0.38, CORR: 0.71
05/03/2018 06:20;INFO;BETA: 1.38, CORR: 0.94
05/03/2018 06:20;INFO;BETA: 0.29, CORR: 0.71
05/03/2018 06:20;INFO;BETA: 0.73, CORR: 0.95
05/03/2018 06:20;INFO;BETA: 1.21, CORR: 0.94
05/03/2018 06:20;INFO;BETA: 0.53, CORR: 0.90
05/03/2018 06:20;INFO;BETA: 0.40, CORR: 0.75
05/03/2018 06:20;INFO;BETA: 0.46, CORR: 0.93
05/03/2018 06:20;INFO;BETA: 0.15, CORR: 0.46
05/03/2018 06:22;INFO;Symbol: ABAX, Beta: 0.41, Corr: 0.87
05/03/2018 06:22;INFO;Symbol: ABBV, Beta: 0.43, Corr: 0.89
05/03/2018 06:22;INFO;Symbol: ABC, Beta: 0.41, Corr: 0.80
05/03/2018 06:22;INFO;Symbol: ABEO, Beta: 0.84, Corr: 0.76
05/03/2018 06:22;INFO;Symbol: ABMD, Beta: 0.33, Corr: 0.71
05/03/2018 06:22;INFO;Symbol: ABT, Beta: 0.21, Corr: 0.74
05/03/2018 06:23;INFO;Symbol: ACAD, Beta: 1.11, Corr: 0.94
05/03/2018 06:23;INFO;Symbol: ACHC, Beta: 0.36, Corr: 0.78
05/04/2018 16:22;INFO;Hello World.
