INFO:Iterations: 1000000
INFO:Total Prob: 1.000
INFO:Mean Stock Price: 9.119095802585327e-05
INFO:Iterations: 1000000
INFO:Total Prob: 1.000
INFO:Mean Stock Price: -7.785961991216254e-05
INFO:Iterations: 1,000,000
INFO:Total Prob: 1.00
INFO:Mean Stock Price: -0.00043972240249244386
INFO:Iterations: 1,000,000
INFO:Total Prob: 1.00
INFO:Mean Stock Price: 6.479566801315817e-05
INFO:Iterations: 1,000,000
INFO:Total Prob: 1.00
INFO:Mean Stock Price: 0.999870616330943
INFO:Iterations: 1,000,000
INFO:Total Prob: 1.00
INFO:Mean Stock Price: 0.9995490593780598
INFO:Iterations: 1,000,000
INFO:Total Prob: 1.00
INFO:Mean Stock Price: 0.999898454122621
INFO:Iterations: 1,000,000
INFO:Total Prob: 1.00
INFO:Mean Stock Price: 0.9992598043695547
INFO:Iterations: 1,000,000
INFO:Total Prob: 1.00
INFO:Mean Stock Price: 0.9998922964559258
INFO:0.3001499106627228
INFO:Iterations: 1,000,000
INFO:Total Prob: 1.00
INFO:Mean Stock Price: 0.9994225376946297
INFO:0.299950377998134
INFO:Iterations: 1,000,000
INFO:Total Prob: 1.00
INFO:Mean Stock Price: 1.0007349088007684
INFO:0.3000374364855514
INFO:Iterations: 1,000,000
INFO:Total Prob: 1.00
INFO:Mean Stock Price: 0.9996979447526867
INFO:Iterations: 1,000,000
INFO:Total Prob: 1.00
INFO:Mean Stock Price: 0.9998788643470528
INFO:Iterations: 1,000,000
INFO:Total Prob: 1.00
INFO:Mean Stock Price: 1.0001067455301624
INFO:Iterations: 10,000,000
INFO:Total Prob: 1.00
INFO:Mean Stock Price: 100.00222282723145
INFO:Iterations: 10,000,000
INFO:Total Prob: 1.00
INFO:Mean Stock Price: 99.99619194978834
INFO:Iterations: 10,000,000
INFO:Total Prob: 1.00
INFO:Mean Stock Price: 100.00004711168478
INFO:Iterations: 10,000,000
INFO:Total Prob: 1.00
INFO:Mean Stock Price: 100.00146481227013
INFO:Iterations: 10,000,000
INFO:Total Prob: 1.00
INFO:Mean Stock Price: 99.995753491437
INFO:Iterations: 10,000,000
INFO:Total Prob: 1.00
INFO:Mean Stock Price: 99.99825652719818
INFO:Iterations: 10,000,000
INFO:Total Prob: 1.00
INFO:Mean Stock Price: 100.00001580968424
INFO:Iterations: 10,000,000
INFO:Total Prob: 1.00
INFO:Mean Stock Price: 100.00137553793736
INFO:Iterations: 10,000,000
INFO:Total Prob: 1.00
INFO:Mean Stock Price: 100.00373537842033
INFO:Iterations: 10,000,000
INFO:Total Prob: 1.00
INFO:Mean Stock Price: 99.9982516473038
INFO:Iterations: 10,000,000
INFO:Total Prob: 1.00
INFO:Mean Stock Price: 100.00410333167578
INFO:Iterations: 10,000,000
INFO:Total Prob: 1.00
INFO:Mean Stock Price: 100.00177717531501
INFO:Iterations: 10,000,000
INFO:Total Prob: 1.00
INFO:Mean Stock Price: 100.00295798672482
INFO:Iterations: 10,000,000
INFO:Total Prob: 1.00
INFO:Mean Stock Price: 100.00113358973667
INFO:Iterations: 10,000,000
INFO:Total Prob: 1.00
INFO:Mean Stock Price: 99.99817438073235
INFO:Iterations: 10,000,000
INFO:Total Prob: 1.00
INFO:Mean Stock Price: 99.99867149387379
INFO:Iterations: 10,000,000
INFO:Total Prob: 1.00
INFO:Mean Stock Price: 99.9965711632613
INFO:Iterations: 10,000,000
INFO:Total Prob: 1.00
INFO:Mean Stock Price: 100.00312592120483
INFO:Iterations: 10,000,000
INFO:Total Prob: 1.00
INFO:Mean Stock Price: 100.00066725908641
INFO:Iterations: 10,000,000
INFO:Total Prob: 1.00
INFO:Mean Stock Price: 99.99853471712629
INFO:Iterations: 10,000,000
INFO:Total Prob: 1.00
INFO:Mean Stock Price: 100.00809316202671
INFO:Iterations: 1,000,000
INFO:Total Prob: 1.00
INFO:Mean Stock Price: 99.99459554576346
INFO:Iterations: 100,000
INFO:Total Prob: 1.00
INFO:Mean Stock Price: 1.0104603909120258
INFO:Iterations: 100,000
INFO:Total Prob: 1.00
INFO:Mean Stock Price: 1.0100162913231103
INFO:Iterations: 100,000
INFO:Total Prob: 1.00
INFO:Mean Stock Price: 1.0198210174592177
INFO:Iterations: 100,000
INFO:Total Prob: 1.00
INFO:Mean Stock Price: 1.0201064587658097
INFO:Iterations: 100,000
INFO:Total Prob: 1.00
INFO:Mean Stock Price: 1.01969894961469
INFO:Iterations: 100,000
INFO:Total Prob: 1.00
INFO:Mean Stock Price: 1.0192474909586196
INFO:Iterations: 100,000
INFO:Total Prob: 1.00
INFO:Mean Stock Price: 1.0198014118195284
INFO:Iterations: 100,000
INFO:Total Prob: 1.00
INFO:Mean Stock Price: 1.0191111945149551
INFO:Iterations: 100,000
INFO:Total Prob: 1.00
INFO:Mean Stock Price: 1.0203697943959795
INFO:Iterations: 100,000
INFO:Total Prob: 1.00
INFO:Mean Stock Price: 1.0199988028149491
INFO:Iterations: 100,000
INFO:Total Prob: 1.00
INFO:Mean Stock Price: 1.0203430568623275
INFO:Iterations: 100,000
INFO:Total Prob: 1.00
INFO:Mean Stock Price: 1.020118615267445
INFO:Iterations: 100,000
INFO:Total Prob: 1.00
INFO:Mean Stock Price: 1.0201641561143384
INFO:Iterations: 100,000
INFO:Total Prob: 1.00
INFO:Mean Stock Price: 1.0203248261986433
INFO:Iterations: 100,000
INFO:Total Prob: 1.00
INFO:Mean Stock Price: 1.0197206873708968
INFO:Iterations: 100,000
INFO:Total Prob: 1.00
INFO:Mean Stock Price: 1.039871918882624
INFO:Iterations: 100,000
INFO:Total Prob: 1.00
INFO:Mean Stock Price: 1.03981255851104
INFO:Iterations: 100,000
INFO:Total Prob: 1.00
INFO:Mean Stock Price: 1.0395239891367458
INFO:Iterations: 100,000
INFO:Total Prob: 1.00
INFO:Mean Stock Price: 1.0402703672892801
INFO:Iterations: 100,000
INFO:Total Prob: 1.00
INFO:Mean Stock Price: 1.0402403307268067
INFO:Iterations: 100,000
INFO:Total Prob: 1.00
INFO:Mean Stock Price: 1.0401498306354995
INFO:Iterations: 100,000
INFO:Total Prob: 1.00
INFO:Mean Stock Price: 1.0397801903272692
INFO:Iterations: 100,000
INFO:Total Prob: 1.00
INFO:Mean Stock Price: 1.0398117310619965
INFO:Iterations: 100,000
INFO:Total Prob: 1.00
INFO:Mean Stock Price: 1.0398287021563362
INFO:Iterations: 100,000
INFO:Total Prob: 1.00
INFO:Mean Stock Price: 1.0405096923041302
INFO:Iterations: 100,000
INFO:Total Prob: 1.00
INFO:Mean Stock Price: 1.0402123762247362
INFO:Iterations: 100,000
INFO:Total Prob: 1.00
INFO:Mean Stock Price: 1.0399137366424245
INFO:Iterations: 100,000
INFO:Total Prob: 1.00
INFO:Mean Stock Price: 1.0402100357542352
INFO:Iterations: 100,000
INFO:Total Prob: 1.00
INFO:Iterations: 100,000
INFO:Total Prob: 1.00
INFO:Iterations: 100,000
INFO:Total Prob: 1.00
INFO:Iterations: 100,000
INFO:Total Prob: 1.00
INFO:Mean Stock Price: 0.9999167395907098
INFO:Iterations: 100,000
INFO:Total Prob: 1.00
INFO:Mean Stock Price: 0.999836429350633
INFO:Iterations: 100,000
INFO:Total Prob: 1.00
INFO:Iterations: 100,000
INFO:Total Prob: 1.00
INFO:Iterations: 100,000
INFO:Total Prob: 1.00
INFO:Iterations: 100,000
INFO:Total Prob: 1.00
INFO:Iterations: 100,000
INFO:Total Prob: 1.00
INFO:Iterations: 100,000
INFO:Total Prob: 1.00
INFO:Iterations: 100,000
INFO:Total Prob: 1.00
INFO:Iterations: 100,000
INFO:Total Prob: 1.00
INFO:Iterations: 100,000
INFO:Total Prob: 1.00
INFO:Iterations: 100,000
INFO:Total Prob: 1.00
INFO:Iterations: 100,000
INFO:Total Prob: 1.00
INFO:Iterations: 100,000
INFO:Total Prob: 1.00
INFO:Iterations: 100,000
INFO:Total Prob: 1.00
INFO:Iterations: 100,000
INFO:Total Prob: 1.00
INFO:Iterations: 100,000
INFO:Total Prob: 1.00
INFO:Iterations: 100,000
INFO:Total Prob: 1.00
INFO:Iterations: 100,000
INFO:Total Prob: 1.00
INFO:Iterations: 100,000
INFO:Total Prob: 1.00
INFO:Iterations: 100,000
INFO:Total Prob: 1.00
INFO:Mean Stock Price: 1.040231232249567
INFO:Iterations: 100,000
INFO:Total Prob: 1.00
INFO:Mean Stock Price: 1.0397199350771178
INFO:Iterations: 100,000
INFO:Total Prob: 1.00
INFO:Mean Stock Price: 1.0396968082307432
INFO:Iterations: 100,000
INFO:Total Prob: 1.00
INFO:Mean Stock Price: 1.0397351342685817
INFO:Iterations: 100,000
INFO:Total Prob: 1.00
INFO:Mean Stock Price: 1.040144603004464
INFO:Iterations: 100,000
INFO:Total Prob: 1.00
INFO:Mean Stock Price: 1.039465024907604
INFO:Iterations: 100,000
INFO:Total Prob: 1.00
INFO:Mean Stock Price: 1.0393034367182779
INFO:Iterations: 100,000
INFO:Total Prob: 1.00
INFO:Mean Stock Price: 1.0398111151840872
INFO:Iterations: 100,000
INFO:Total Prob: 1.00
INFO:Mean Stock Price: 1.0404138205804732
INFO:Iterations: 100,000
INFO:Total Prob: 1.00
INFO:Mean Stock Price: 1.0413870253981032
INFO:Iterations: 100,000
INFO:Total Prob: 1.00
INFO:Mean Stock Price: 1.0403989467107524
INFO:Iterations: 100,000
INFO:Total Prob: 1.00
INFO:Mean Stock Price: 1.0405402744406504
INFO:Iterations: 100,000
INFO:Total Prob: 1.00
INFO:Mean Stock Price: 1.0399991781547189
INFO:Iterations: 100,000
INFO:Total Prob: 1.00
INFO:Mean Stock Price: 1.0402257958774421
INFO:Iterations: 100,000
INFO:Total Prob: 1.00
INFO:Mean Stock Price: 1.0407616678636702
INFO:Iterations: 100,000
INFO:Total Prob: 1.00
INFO:Mean Stock Price: 1.0399561211582582
INFO:Iterations: 100,000
INFO:Total Prob: 1.00
INFO:Mean Stock Price: 1.0395926168133267
INFO:Iterations: 100,000
INFO:Total Prob: 1.00
INFO:Mean Stock Price: 1.0400383671009188
INFO:Iterations: 100,000
INFO:Total Prob: 1.00
INFO:Mean Stock Price: 1.0394057368441003
INFO:Iterations: 100,000
INFO:Total Prob: 1.00
INFO:Mean Stock Price: 1.0399082961136759
INFO:Iterations: 100,000
INFO:Total Prob: 1.00
INFO:Mean Stock Price: 1.0398181479234
INFO:Iterations: 100,000
INFO:Total Prob: 1.00
INFO:Mean Stock Price: 1.0404199619946481
INFO:Iterations: 100,000
INFO:Total Prob: 1.00
INFO:Mean Stock Price: 1.0402861332738766
INFO:Iterations: 100,000
INFO:Total Prob: 1.00
INFO:Mean Stock Price: 1.0400779208538269
INFO:Iterations: 100,000
INFO:Total Prob: 1.00
INFO:Mean Stock Price: 1.0401756872071644
INFO:Iterations: 100,000
INFO:Total Prob: 1.00
INFO:Mean Stock Price: 1.0399228000642364
INFO:Iterations: 100,000
INFO:Total Prob: 1.00
INFO:Mean Stock Price: 1.0396081528134606
INFO:Iterations: 100,000
INFO:Total Prob: 1.00
INFO:Mean Stock Price: 1.040008574401818
INFO:Iterations: 100,000
INFO:Total Prob: 1.00
INFO:Mean Stock Price: 1.0400412372536458
INFO:Iterations: 100,000
INFO:Total Prob: 1.00
INFO:Mean Stock Price: 1.0399859670621499
INFO:Iterations: 100,000
INFO:Total Prob: 1.00
INFO:Mean Stock Price: 1.0394363633194894
INFO:Iterations: 100,000
INFO:Total Prob: 1.00
INFO:Mean Stock Price: 1.039940838658403
INFO:Iterations: 100,000
INFO:Total Prob: 1.00
INFO:Mean Stock Price: 1.0398674839625917
INFO:Iterations: 100,000
INFO:Total Prob: 1.00
INFO:Mean Stock Price: 1.0392633949941412
INFO:Iterations: 100,000
INFO:Total Prob: 1.00
INFO:Mean Stock Price: 1.0
INFO:Iterations: 100,000
INFO:Total Prob: 1.00
INFO:Mean Stock Price: 1.0388090278146065
INFO:Iterations: 100,000
INFO:Total Prob: 1.00
INFO:Mean Stock Price: 1.0390582120563665
INFO:Iterations: 100,000
INFO:Total Prob: 1.00
INFO:Mean Stock Price: 1.0399949303927354
INFO:Iterations: 100,000
INFO:Total Prob: 1.00
INFO:Mean Stock Price: 1.0401192086090023
INFO:Iterations: 100,000
INFO:Total Prob: 1.00
INFO:Mean Stock Price: 1.0393813491376005
INFO:Iterations: 100,000
INFO:Total Prob: 1.00
INFO:Mean Stock Price: 1.0403253441388096
INFO:Iterations: 100,000
INFO:Total Prob: 1.00
INFO:Mean Stock Price: 1.0403040368684626
INFO:Iterations: 100,000
INFO:Total Prob: 1.00
INFO:Mean Stock Price: 1.0396616054775325
INFO:Iterations: 100,000
INFO:Total Prob: 1.00
INFO:Mean Stock Price: 1.0398706412855385
INFO:Iterations: 100,000
INFO:Total Prob: 1.00
INFO:Mean Stock Price: 1.0398850310304244
INFO:Iterations: 100,000
INFO:Total Prob: 1.00
INFO:Mean Stock Price: 1.04015522202408
INFO:Iterations: 100,000
INFO:Total Prob: 1.00
INFO:Mean Stock Price: 1.0403278833417784
INFO:Iterations: 100,000
INFO:Total Prob: 1.00
INFO:Mean Stock Price: 1.0403808734455684
INFO:Iterations: 100,000
INFO:Total Prob: 1.00
INFO:Mean Stock Price: 1.0398250992107394
INFO:Iterations: 100,000
INFO:Total Prob: 1.00
INFO:Mean Stock Price: 1.0407851584534875
INFO:Iterations: 100,000
INFO:Total Prob: 1.00
INFO:Mean Stock Price: 1.0194459236583442
INFO:Iterations: 100,000
INFO:Total Prob: 1.00
INFO:Mean Stock Price: 1.0204121256898326
INFO:Iterations: 100,000
INFO:Total Prob: 1.00
INFO:Mean Stock Price: 1.0563354089132557
INFO:Iterations: 100,000
INFO:Total Prob: 1.00
INFO:Mean Stock Price: 1.0571875534509425
INFO:Iterations: 100,000
INFO:Total Prob: 1.00
INFO:Mean Stock Price: 1.0563765180292857
INFO:Iterations: 100,000
INFO:Total Prob: 1.00
INFO:Mean Stock Price: 1.0572331555013095
INFO:Iterations: 100,000
INFO:Total Prob: 1.00
INFO:Mean Stock Price: 1.0471547587194079
INFO:Iterations: 100,000
INFO:Total Prob: 1.00
INFO:Mean Stock Price: 1.0594354263473849
INFO:Iterations: 100,000
INFO:Total Prob: 1.00
INFO:Mean Stock Price: 2.187251611894941
INFO:Iterations: 100,000
INFO:Total Prob: 1.00
INFO:Mean Stock Price: 2.1782184027356384
INFO:Iterations: 100,000
INFO:Total Prob: 1.00
INFO:Mean Stock Price: 2.17048235416248
INFO:Iterations: 100,000
INFO:Total Prob: 1.00
INFO:Mean Stock Price: 2.1773914498124416
INFO:Iterations: 100,000
INFO:Total Prob: 1.00
INFO:Mean Stock Price: 2.179773792571713
INFO:Iterations: 100,000
INFO:Total Prob: 1.00
INFO:Mean Stock Price: 1.8781315734647142
INFO:Iterations: 100,000
INFO:Total Prob: 1.00
INFO:Mean Stock Price: 1.4934562062081433
INFO:Iterations: 100,000
INFO:Total Prob: 1.00
INFO:Mean Stock Price: 1.4970759438185839
INFO:Iterations: 100,000
INFO:Total Prob: 1.00
INFO:Mean Stock Price: 1.4912718643965182
INFO:Iterations: 100,000
INFO:Total Prob: 1.00
INFO:Mean Stock Price: 1.4941261611212773
INFO:Iterations: 100,000
INFO:Total Prob: 1.00
INFO:Mean Stock Price: 1.4950369051734715
INFO:Iterations: 100,000
INFO:Total Prob: 1.00
INFO:Mean Stock Price: 1.4895331324817116
INFO:Iterations: 100,000
INFO:Total Prob: 1.00
INFO:Mean Stock Price: 1.4938891147204472
INFO:Iterations: 100,000
INFO:Total Prob: 1.00
INFO:Mean Stock Price: 1.5026899459395884
INFO:Iterations: 100,000
INFO:Total Prob: 1.00
INFO:Mean Stock Price: 1.4949254264804013
INFO:Iterations: 100,000
INFO:Total Prob: 1.00
INFO:Mean Stock Price: 1.4871469628790484
INFO:Iterations: 100,000
INFO:Total Prob: 1.00
INFO:Mean Stock Price: 1.491347968720602
INFO:Iterations: 100,000
INFO:Total Prob: 1.00
INFO:Mean Stock Price: 1.5030348042798285
INFO:Iterations: 100,000
INFO:Total Prob: 1.00
INFO:Mean Stock Price: 1.4963503426352094
INFO:Iterations: 100,000
INFO:Total Prob: 1.00
INFO:Mean Stock Price: 1.4970211389545671
INFO:Iterations: 100,000
INFO:Total Prob: 1.00
INFO:Mean Stock Price: 1.491275323910991
INFO:Iterations: 100,000
INFO:Total Prob: 1.00
INFO:Mean Stock Price: 1.4895316945887733
INFO:Iterations: 100,000
INFO:Total Prob: 1.00
INFO:Mean Stock Price: 1.4974337507542932
INFO:Iterations: 100,000
INFO:Total Prob: 1.00
INFO:Mean Stock Price: 1.500358214787937
INFO:Iterations: 100,000
INFO:Total Prob: 1.00
INFO:Mean Stock Price: 1.5056919788082055
INFO:Iterations: 100,000
INFO:Total Prob: 1.00
INFO:Mean Stock Price: 1.4930061763277627
INFO:Iterations: 100,000
INFO:Total Prob: 1.00
INFO:Mean Stock Price: 1.4902637504342
INFO:Iterations: 100,000
INFO:Total Prob: 1.00
INFO:Mean Stock Price: 1.4908857919487348
INFO:Iterations: 100,000
INFO:Total Prob: 1.00
INFO:Mean Stock Price: 1.48953370982439
INFO:Iterations: 100,000
INFO:Total Prob: 1.00
INFO:Mean Stock Price: 1.4994347812307955
INFO:Iterations: 100,000
INFO:Total Prob: 1.00
INFO:Mean Stock Price: 1.5014897947114068
INFO:Iterations: 100,000
INFO:Total Prob: 1.00
INFO:Mean Stock Price: 1.50149667375735
INFO:Iterations: 100,000
INFO:Total Prob: 1.00
INFO:Mean Stock Price: 1.3656323929002057
INFO:Iterations: 100,000
INFO:Total Prob: 1.00
INFO:Mean Stock Price: 1.238120365363223
INFO:Iterations: 100,000
INFO:Total Prob: 1.00
INFO:Mean Stock Price: 1.1207850771544579
INFO:Iterations: 100,000
INFO:Total Prob: 1.00
INFO:Mean Stock Price: 1.1147068325791818
INFO:Iterations: 100,000
INFO:Total Prob: 1.00
INFO:Mean Stock Price: 1.1174815381860217
INFO:Iterations: 100,000
INFO:Total Prob: 1.00
INFO:Mean Stock Price: 1.1157700568120414
INFO:Iterations: 100,000
INFO:Total Prob: 1.00
INFO:Mean Stock Price: 1.0587190050521624
INFO:Iterations: 100,000
INFO:Total Prob: 1.00
INFO:Mean Stock Price: 1.0593889268357652
INFO:Iterations: 100,000
INFO:Total Prob: 1.00
INFO:Mean Stock Price: 1.0597602202195289
INFO:Iterations: 100,000
INFO:Total Prob: 1.00
INFO:Mean Stock Price: 1.0580696670165373
INFO:Iterations: 100,000
INFO:Total Prob: 1.00
INFO:Mean Stock Price: 1.1037878584941268
INFO:Iterations: 100,000
INFO:Total Prob: 1.00
INFO:Mean Stock Price: 1.1000547616309617
INFO:Iterations: 100,000
INFO:Total Prob: 1.00
INFO:Mean Stock Price: 1.1029952427084926
INFO:Iterations: 100,000
INFO:Total Prob: 1.00
INFO:Mean Stock Price: 1.1030854653736235
INFO:Iterations: 100,000
INFO:Total Prob: 1.00
INFO:Mean Stock Price: 1.0990009559971843
INFO:Iterations: 100,000
INFO:Total Prob: 1.00
INFO:Mean Stock Price: 1.1001358961745566
INFO:Iterations: 100,000
INFO:Total Prob: 1.00
INFO:Mean Stock Price: 1.1020848346690997
INFO:Iterations: 100,000
INFO:Total Prob: 1.00
INFO:Mean Stock Price: 1.1010031093782604
INFO:Iterations: 100,000
INFO:Total Prob: 1.00
INFO:Mean Stock Price: 1.1013258436706106
INFO:Iterations: 100,000
INFO:Total Prob: 1.00
INFO:Mean Stock Price: 1.1005121772348914
INFO:Iterations: 100,000
INFO:Total Prob: 1.00
INFO:Mean Stock Price: 1.102600026754567
INFO:Iterations: 100,000
INFO:Total Prob: 1.00
INFO:Mean Stock Price: 1.10149309385846
INFO:Iterations: 100,000
INFO:Total Prob: 1.00
INFO:Mean Stock Price: 1.1027139615581223
INFO:Iterations: 100,000
INFO:Total Prob: 1.00
INFO:Mean Stock Price: 1.0998679259696362
INFO:Iterations: 100,000
INFO:Total Prob: 1.00
INFO:Mean Stock Price: 1.101150449426046
INFO:Iterations: 100,000
INFO:Total Prob: 1.00
INFO:Mean Stock Price: 1.100611397587376
INFO:Iterations: 100,000
INFO:Total Prob: 1.00
INFO:Mean Stock Price: 1.100190023700888
INFO:Iterations: 100,000
INFO:Total Prob: 1.00
INFO:Mean Stock Price: 1.1010105280013973
INFO:Iterations: 100,000
INFO:Total Prob: 1.00
INFO:Mean Stock Price: 1.1018104640129491
INFO:Iterations: 100,000
INFO:Total Prob: 1.00
INFO:Mean Stock Price: 1.0999003963251746
INFO:Iterations: 100,000
INFO:Total Prob: 1.00
INFO:Mean Stock Price: 1.1010731586588605
INFO:Iterations: 100,000
INFO:Total Prob: 1.00
INFO:Mean Stock Price: 1.1030684254178855
INFO:Iterations: 100,000
INFO:Total Prob: 1.00
INFO:Mean Stock Price: 1.100958926591692
INFO:Iterations: 100,000
INFO:Total Prob: 1.00
INFO:Mean Stock Price: 1.200017784615667
INFO:Iterations: 100,000
INFO:Total Prob: 1.00
INFO:Mean Stock Price: 1.1985921995939544
INFO:Iterations: 100,000
INFO:Total Prob: 1.00
INFO:Mean Stock Price: 1.1003261422731325
INFO:Iterations: 100,000
INFO:Total Prob: 1.00
INFO:Mean Stock Price: 1.0499749262498304
INFO:Iterations: 100,000
INFO:Total Prob: 1.00
INFO:Mean Stock Price: 1.0492642168288537
INFO:Iterations: 1,000,000
INFO:Total Prob: 1.00
INFO:Mean Stock Price: 1.049436938163444
INFO:Iterations: 1,000,000
INFO:Total Prob: 1.00
INFO:Mean Stock Price: 1.0500007779096079
INFO:Iterations: 1,000,000
INFO:Total Prob: 1.00
INFO:Mean Stock Price: 1.049196352757552
INFO:Iterations: 1,000,000
INFO:Total Prob: 1.00
INFO:Mean Stock Price: 1.0498531350590177
INFO:Iterations: 1,000,000
INFO:Total Prob: 1.00
INFO:Mean Stock Price: 1.0497345867777121
INFO:Iterations: 1,000,000
INFO:Total Prob: 1.00
INFO:Mean Stock Price: 1.064783574173332
INFO:Iterations: 1,000,000
INFO:Total Prob: 1.00
INFO:Mean Stock Price: 1.0648603274261461
INFO:Iterations: 1,000,000
INFO:Total Prob: 1.00
INFO:Mean Stock Price: 1.0793802006035214
INFO:Iterations: 1,000,000
INFO:Total Prob: 1.00
INFO:Mean Stock Price: 1.079389236923011
INFO:Iterations: 1,000,000
INFO:Total Prob: 1.00
INFO:Mean Stock Price: 1.0801555514625885
INFO:Iterations: 100,000
INFO:Total Prob: 1.00
INFO:Mean Stock Price: 1.049639210993178
INFO:Iterations: 100,000
INFO:Total Prob: 1.00
INFO:Mean Stock Price: 1.0620945105934905
INFO:Iterations: 100,000
INFO:Total Prob: 1.00
INFO:Mean Stock Price: 1.0483346868946717
INFO:Iterations: 100,000
INFO:Total Prob: 1.00
INFO:Mean Stock Price: 1.0497545734639289
INFO:Iterations: 1,000,000
INFO:Total Prob: 1.00
INFO:Mean Stock Price: 1.050098365155137
INFO:Iterations: 1,000,000
INFO:Total Prob: 1.00
INFO:Mean Stock Price: 1.049785561339924
INFO:Iterations: 1,000,000
INFO:Total Prob: 1.00
INFO:Mean Stock Price: 1.049792575165173
INFO:Iterations: 1,000,000
INFO:Total Prob: 1.00
INFO:Mean Stock Price: 1.0498175550559963
INFO:Iterations: 1,000,000
INFO:Total Prob: 1.00
INFO:Mean Stock Price: 1.0497982047982715
INFO:Iterations: 1,000,000
INFO:Total Prob: 1.00
INFO:Mean Stock Price: 1.049796978488499
INFO:Iterations: 1,000,000
INFO:Total Prob: 1.00
INFO:Mean Stock Price: 1.0497992368867741
INFO:Iterations: 1,000,000
INFO:Total Prob: 1.00
INFO:Mean Stock Price: 1.049781444093462
INFO:Iterations: 1,000,000
INFO:Total Prob: 1.00
INFO:Mean Stock Price: 1.0497852118803292
INFO:Iterations: 1,000,000
INFO:Total Prob: 1.00
INFO:Mean Stock Price: 1.050068000581061
INFO:Iterations: 1,000,000
INFO:Total Prob: 1.00
INFO:Mean Stock Price: 1.0499700400601406
INFO:Iterations: 1,000,000
INFO:Total Prob: 1.00
INFO:Mean Stock Price: 1.0496640312478398
INFO:Iterations: 1,000,000
INFO:Total Prob: 1.00
INFO:Mean Stock Price: 1.0496661042465116
INFO:Iterations: 1,000,000
INFO:Total Prob: 1.00
INFO:Mean Stock Price: 1.0497498841465627
INFO:Iterations: 1,000,000
INFO:Total Prob: 1.00
INFO:Mean Stock Price: 1.0497007893571042
INFO:Iterations: 1,000,000
INFO:Total Prob: 1.00
INFO:Mean Stock Price: 1.0493971422085093
INFO:Iterations: 1,000,000
INFO:Total Prob: 1.00
INFO:Mean Stock Price: 1.0498672095046309
INFO:Iterations: 1,000,000
INFO:Total Prob: 1.00
INFO:Mean Stock Price: 1.0993982873636545
INFO:Iterations: 1,000,000
INFO:Total Prob: 1.00
INFO:Mean Stock Price: 1.0995275570338898
INFO:Iterations: 1,000,000
INFO:Total Prob: 1.00
INFO:Mean Stock Price: 1.0297381535606167
INFO:Iterations: 1,000,000
INFO:Total Prob: 1.00
INFO:Mean Stock Price: 1.0298283933966668
INFO:Iterations: 100,000
INFO:Total Prob: 1.00
INFO:Mean Stock Price: 1.0305745698556632
INFO:Iterations: 100,000
INFO:Total Prob: 1.00
INFO:Mean Stock Price: 1.0304274621142244
INFO:Iterations: 100,000
INFO:Total Prob: 1.00
INFO:Mean Stock Price: 1.0304475886608917
INFO:Iterations: 100,000
INFO:Total Prob: 1.00
INFO:Mean Stock Price: 1.0301017185933532
INFO:Iterations: 100,000
INFO:Total Prob: 1.00
INFO:Mean Stock Price: 1.0293410317494591
INFO:Iterations: 100,000
INFO:Total Prob: 1.00
INFO:Mean Stock Price: 1.029958159232296
